C51 COMPILER V9.59.0.0   COMMON                                                            06/27/2023 19:17:34 PAGE 1   


C51 COMPILER V9.59.0.0, COMPILATION OF MODULE COMMON
OBJECT MODULE PLACED IN ..\OBJ\Common.obj
COMPILER INVOKED BY: D:\Keil_v5\C51\BIN\C51.EXE ..\USER\event\Common.c OMF2 OPTIMIZE(8,SPEED) BROWSE INCDIR(..\CORE;..\F
                    -WLib\inc;..\SYSTEM;..\USER\app;..\TOUCHLib;..\USER\driver;..\USER\event;..\USER\mid) DEBUG PRINT(..\OBJ\Common.lst) TABS
                    -(2) OBJECT(..\OBJ\Common.obj)

line level    source

   1          
   2          #define __EXT_COMMON_
   3          #include "Globals.h"
   4          
   5          ///////////////////////////////////////////////////////////////////////////////////////////////////
   6          void Common_Init(void)
   7          {
   8   1        ResetWorkingPara();
   9   1      }
  10          
  11          void Common_Run_Task(void)
  12          {
  13   1      }
  14          
  15          
  16          ///////////////////////////////////////////////////////////////////////////////////////////////////
  17          static RET_CODE Common_MsgFunc_Key_Power(MsgValue_t MsgValue)
  18          {
  19   1        MsgValue = MsgValue;
  20   1      
  21   1        return cnSuccess;
  22   1      }
  23          
  24          static RET_CODE Common_MsgFunc_Key_Menu(MsgValue_t MsgValue)
  25          {
  26   1        MsgValue = MsgValue;
  27   1      
  28   1        return cnSuccess;
  29   1      }
  30          
  31          
  32          
  33          ///////////////////////////////////////////////////////////////////////////////////////////////////
  34          // cnFuncNumCommon,       // Commonģʽ
  35          RET_CODE StationRun_Common(uint8_t Msg, MsgValue_t MsgValue)
  36          {
  37   1        RET_CODE retCode = cnFailure;
  38   1      
  39   1        switch(Msg)
  40   1        {
  41   2        case cnMsgKeyPower:
  42   2          retCode = Common_MsgFunc_Key_Power(MsgValue);
  43   2          break;
  44   2        case cnMsgKeyMenu:
  45   2          retCode = Common_MsgFunc_Key_Menu(MsgValue);
  46   2          break;
  47   2          
  48   2        default:
  49   2          retCode = cnNoRespond;
  50   2          break;
  51   2        }
  52   1      
  53   1        return retCode;
C51 COMPILER V9.59.0.0   COMMON                                                            06/27/2023 19:17:34 PAGE 2   

  54   1      }
  55          
  56          


MODULE INFORMATION:   STATIC OVERLAYABLE
   CODE SIZE        =     67    ----
   CONSTANT SIZE    =   ----    ----
   XDATA SIZE       =   ----    ----
   PDATA SIZE       =   ----    ----
   DATA SIZE        =   ----       4
   IDATA SIZE       =   ----    ----
   BIT SIZE         =   ----    ----
   EDATA SIZE       =   ----    ----
   HDATA SIZE       =   ----    ----
   XDATA CONST SIZE =   ----    ----
   FAR CONST SIZE   =   ----    ----
END OF MODULE INFORMATION.


C51 COMPILATION COMPLETE.  0 WARNING(S),  0 ERROR(S)
