C51 COMPILER V9.59.0.0   EXTINT                                                            06/27/2023 19:17:32 PAGE 1   


C51 COMPILER V9.59.0.0, COMPILATION OF MODULE EXTINT
OBJECT MODULE PLACED IN ..\OBJ\extint.obj
COMPILER INVOKED BY: D:\Keil_v5\C51\BIN\C51.EXE ..\FWLib\src\extint.c OMF2 OPTIMIZE(8,SPEED) BROWSE INCDIR(..\CORE;..\FW
                    -Lib\inc;..\SYSTEM;..\USER\app;..\TOUCHLib;..\USER\driver;..\USER\event;..\USER\mid) DEBUG PRINT(..\OBJ\extint.lst) TABS(
                    -2) OBJECT(..\OBJ\extint.obj)

line level    source

   1          /*******************************************************************************
   2          * Copyright (C) 2019 China Micro Semiconductor Limited Company. All Rights Reserved.
   3          *
   4          * This software is owned and published by:
   5          * CMS LLC, No 2609-10, Taurus Plaza, TaoyuanRoad, NanshanDistrict, Shenzhen, China.
   6          *
   7          * BY DOWNLOADING, INSTALLING OR USING THIS SOFTWARE, YOU AGREE TO BE BOUND
   8          * BY ALL THE TERMS AND CONDITIONS OF THIS AGREEMENT.
   9          *
  10          * This software contains source code for use with CMS
  11          * components. This software is licensed by CMS to be adapted only
  12          * for use in systems utilizing CMS components. CMS shall not be
  13          * responsible for misuse or illegal use of this software for devices not
  14          * supported herein. CMS is providing this software "AS IS" and will
  15          * not be responsible for issues arising from incorrect user implementation
  16          * of the software.
  17          *
  18          * This software may be replicated in part or whole for the licensed use,
  19          * with the restriction that this Disclaimer and Copyright notice must be
  20          * included with each copy of this software, whether used in part or whole,
  21          * at all times.
  22          */
  23          
  24          /****************************************************************************/
  25          /** \file extit.c
  26          **
  27          **  
  28          **
  29          **  History:
  30          **  
  31          *****************************************************************************/
  32          /****************************************************************************/
  33          /*  include files
  34          *****************************************************************************/
  35          #include "extint.h"
  36          
  37          /****************************************************************************/
  38          /*  Local pre-processor symbols/macros('#define')
  39          ****************************************************************************/
  40          
  41          /****************************************************************************/
  42          /*  Global variable definitions(declared in header file with 'extern')
  43          ****************************************************************************/
  44          
  45          /****************************************************************************/
  46          /*  Local type definitions('typedef')
  47          ****************************************************************************/
  48          
  49          /****************************************************************************/
  50          /*  Local variable  definitions('static')
  51          ****************************************************************************/
  52          
  53          /****************************************************************************/
C51 COMPILER V9.59.0.0   EXTINT                                                            06/27/2023 19:17:32 PAGE 2   

  54          /*  Local function prototypes('static')
  55          ****************************************************************************/
  56          
  57          /****************************************************************************/
  58          /*  Function implementation - global ('extern') and local('static')
  59          ****************************************************************************/
  60          /********************************************************************************
  61           ** \brief   EXTINT_ConfigInt
  62           **      配置外部中断功能
  63           ** \param [in]  Extintn : (1)EXTINT0     :外部中断0
  64           **                   (2)EXTINT1     :外部中断1
  65           **          IntMode  ：(1)EXTINT_TRIG_LOW  :低电平触发模式
  66           **             (2)EXTINT_TRIG_FALLING :下降沿触发模式
  67           ** \return  none
  68           ** \note  
  69           ******************************************************************************/
  70          void EXTINT_ConfigInt(uint8_t Extintn, uint8_t IntMode)
  71          {
  72   1        if( EXTINT0 == Extintn)
  73   1        {
  74   2          if(EXTINT_TRIG_LOW == IntMode)
  75   2          {
  76   3            IT0 =0;   
  77   3          }
  78   2          if(EXTINT_TRIG_FALLING == IntMode)
  79   2          {
  80   3            IT0 =1;
  81   3          }
  82   2        }
  83   1        if( EXTINT1 == Extintn)
  84   1        {
  85   2          
  86   2          if(EXTINT_TRIG_LOW == IntMode)
  87   2          {
  88   3            IT1 =0;   
  89   3          }
  90   2          if(EXTINT_TRIG_FALLING == IntMode)
  91   2          {
  92   3            IT1 =1;
  93   3          }   
  94   2        }
  95   1      }
  96          /********************************************************************************
  97           ** \brief   EXTINT_EnableInt
  98           **      使能外部中断功能
  99           ** \param [in]  Extintn : (1)EXTINT0     :外部中断0
 100           **                   (2)EXTINT1     :外部中断1
 101           ** \return  none
 102           ** \note   
 103           ******************************************************************************/
 104          void EXTINT_EnableInt(uint8_t Extintn)
 105          { 
 106   1        if( EXTINT0 == Extintn)
 107   1        {
 108   2          EX0 =1; 
 109   2        }
 110   1        if( EXTINT1 == Extintn)
 111   1        {
 112   2          EX1 =1; 
 113   2        }
 114   1      }
 115          /********************************************************************************
C51 COMPILER V9.59.0.0   EXTINT                                                            06/27/2023 19:17:32 PAGE 3   

 116           ** \brief   EXTINT_DisableInt
 117           **      关闭外部中断功能
 118           ** \param [in]  Extintn : (1)EXTINT0     :外部中断0
 119           **                   (2)EXTINT1     :外部中断1
 120           ** \return  none
 121           ** \note   
 122           ******************************************************************************/
 123          void EXTINT_DisableInt(uint8_t Extintn)
 124          {
 125   1        if( EXTINT0 == Extintn)
 126   1        {
 127   2          EX0 =0; 
 128   2        }
 129   1        if( EXTINT1 == Extintn)
 130   1        {
 131   2          EX1 =0;
 132   2        }
 133   1      }
 134          /********************************************************************************
 135           ** \brief   EXTINT_GetIntFlag
 136           **      获取中断标志
 137           ** \param [in]  Extintn : (1)EXTINT0     :外部中断0
 138           **                   (2)EXTINT1     :外部中断1  
 139           ** \return  0:无中断1：有中断
 140           ** \note  
 141           ******************************************************************************/
 142          uint8_t  EXTINT_GetIntFlag(uint8_t Extintn)
 143          {
 144   1        if(EXTINT0 == Extintn)
 145   1        {
 146   2          return((TCON & TMR_TCON_IE0_Msk)? 1:0);
 147   2        }
 148   1        if(EXTINT1 == Extintn)
 149   1        {
 150   2          return((TCON & TMR_TCON_IE1_Msk)? 1:0); 
 151   2        }
 152   1        return 0;
 153   1      }
 154           /********************************************************************************
 155           ** \brief   EXTINT_ClearIntFlag
 156           **      清中断标志
 157           ** \param [in]  Extintn : (1)EXTINT0     :外部中断0
 158           **                   (2)EXTINT1     :外部中断1  
 159           ** \return  none
 160           ** \note   
 161           ******************************************************************************/
 162          void EXTINT_ClearIntFlag(uint8_t Extintn)
 163          {
 164   1        if(EXTINT0 == Extintn)
 165   1        {
 166   2          IE0 =0;
 167   2        }
 168   1        
 169   1        if(EXTINT1 == Extintn)
 170   1        {
 171   2          IE1 =0;
 172   2        }
 173   1      }
 174          


MODULE INFORMATION:   STATIC OVERLAYABLE
C51 COMPILER V9.59.0.0   EXTINT                                                            06/27/2023 19:17:32 PAGE 4   

   CODE SIZE        =    137    ----
   CONSTANT SIZE    =   ----    ----
   XDATA SIZE       =   ----    ----
   PDATA SIZE       =   ----    ----
   DATA SIZE        =   ----    ----
   IDATA SIZE       =   ----    ----
   BIT SIZE         =   ----    ----
   EDATA SIZE       =   ----    ----
   HDATA SIZE       =   ----    ----
   XDATA CONST SIZE =   ----    ----
   FAR CONST SIZE   =   ----    ----
END OF MODULE INFORMATION.


C51 COMPILATION COMPLETE.  0 WARNING(S),  0 ERROR(S)
