C51 COMPILER V9.59.0.0   GETADC                                                            06/27/2023 19:17:33 PAGE 1   


C51 COMPILER V9.59.0.0, COMPILATION OF MODULE GETADC
OBJECT MODULE PLACED IN ..\OBJ\GetADC.obj
COMPILER INVOKED BY: D:\Keil_v5\C51\BIN\C51.EXE ..\USER\driver\GetADC.c OMF2 OPTIMIZE(8,SPEED) BROWSE INCDIR(..\CORE;..\
                    -FWLib\inc;..\SYSTEM;..\USER\app;..\TOUCHLib;..\USER\driver;..\USER\event;..\USER\mid) DEBUG PRINT(..\OBJ\GetADC.lst) TAB
                    -S(2) OBJECT(..\OBJ\GetADC.obj)

line level    source

   1          
   2          #define __EXT_GETADC_
   3          #include "Globals.h"
   4          
   5          ///////////////////////////////////////////////////////////////////////////////////////////////////
   6          void GetADC_Init(void)
   7          {
   8   1        // 设置ADC的运行模式
   9   1        ADC_ConfigRunMode(ADC_CLK_DIV_4, ADC_RESULT_LEFT);  // 设置ADC时钟为系统时钟的256分频，ADC结果为左对齐
  10   1        ADC_DisableLDO();                 // LDO禁止，ADC参考电压为电源电压
  11   1      
  12   1        // 设置ADC转换通道
  13   1        GPIO_SET_MUX_MODE(cnPortBoilerNTC_CFG, cnPortBoilerNTC_MUX);
  14   1        //GPIO_SET_MUX_MODE(cnPortPump_CFG, cnPortPump_MUX);
  15   1      
  16   1        //开启ADC
  17   1        ADC_EnableChannel(cnADC_chnBoilerNTC);  
  18   1        ADC_Start();
  19   1      }
  20          
  21          uint16_t Read_ADC(uint8_t chn)
  22          {
  23   1        uint8_t i;
  24   1        uint16_t ADCMin, ADCMax;
  25   1        uint16_t ADCSum;
  26   1        uint16_t ADCValue;
  27   1      
  28   1        //IRQ_ALL_DISABLE();
  29   1      
  30   1        ADC_EnableChannel(chn);
  31   1        _nop_();
  32   1        _nop_();
  33   1        _nop_();
  34   1        _nop_();
  35   1      
  36   1        ADCMax = 0;
  37   1        ADCMin = 0xFFFF;
  38   1        ADCSum = 0;
  39   1        for(i=0; i<10; i++)
  40   1        {
  41   2            _nop_();
  42   2            _nop_();
  43   2          ADC_GO();               //开始转换
  44   2          while(ADC_IS_BUSY) _nop_();
  45   2            ADCValue = ADC_GetADCResult();
  46   2          ADCSum += ADCValue;
  47   2          if(ADCValue > ADCMax)
  48   2            ADCMax = ADCValue;
  49   2          if(ADCValue < ADCMin)
  50   2            ADCMin = ADCValue;
  51   2        }
  52   1      
  53   1        ADCSum -= ADCMax;
C51 COMPILER V9.59.0.0   GETADC                                                            06/27/2023 19:17:33 PAGE 2   

  54   1        ADCSum -= ADCMin;
  55   1        ADCSum = ADCSum >> 3;
  56   1      
  57   1        //IRQ_ALL_ENABLE();
  58   1      
  59   1        #if 0//def cnTestHeat
                ADCSum = 372;
                #endif
  62   1        
  63   1        return ADCSum;
  64   1      }
  65          
  66          
  67          


MODULE INFORMATION:   STATIC OVERLAYABLE
   CODE SIZE        =    160    ----
   CONSTANT SIZE    =   ----    ----
   XDATA SIZE       =   ----    ----
   PDATA SIZE       =   ----    ----
   DATA SIZE        =   ----       7
   IDATA SIZE       =   ----    ----
   BIT SIZE         =   ----    ----
   EDATA SIZE       =   ----    ----
   HDATA SIZE       =   ----    ----
   XDATA CONST SIZE =   ----    ----
   FAR CONST SIZE   =   ----    ----
END OF MODULE INFORMATION.


C51 COMPILATION COMPLETE.  0 WARNING(S),  0 ERROR(S)
