C51 COMPILER V9.59.0.0   IDLE                                                              06/27/2023 19:17:34 PAGE 1   


C51 COMPILER V9.59.0.0, COMPILATION OF MODULE IDLE
OBJECT MODULE PLACED IN ..\OBJ\Idle.obj
COMPILER INVOKED BY: D:\Keil_v5\C51\BIN\C51.EXE ..\USER\event\Idle.c OMF2 OPTIMIZE(8,SPEED) BROWSE INCDIR(..\CORE;..\FWL
                    -ib\inc;..\SYSTEM;..\USER\app;..\TOUCHLib;..\USER\driver;..\USER\event;..\USER\mid) DEBUG PRINT(..\OBJ\Idle.lst) TABS(2) 
                    -OBJECT(..\OBJ\Idle.obj)

line level    source

   1          
   2          #define __EXT_IDLE_
   3          #include "Globals.h"
   4          
   5          ///////////////////////////////////////////////////////////////////////////////////////////////////
   6          static uint16_t IdleRunTmr;
   7          
   8          void Idle_Con(void)
   9          {
  10   1        Heater_Init();
  11   1        TurnOffAllLed();
  12   1      
  13   1        IdleRunTmr = 0;
  14   1        SetWorkMode(cnFuncNumIdle);
  15   1      }
  16          
  17          void Idle_De(void)
  18          {
  19   1      }
  20          
  21          void Idle_Run_Task(void)
  22          {
  23   1        if(!IsCurWorkModeIdle())
  24   1        {
  25   2          IdleRunTmr = 0;
  26   2          return;
  27   2        }
  28   1      
  29   1        ++IdleRunTmr;
  30   1        if(IdleRunTmr > cnIdleRunT)
  31   1        {
  32   2          IdleRunTmr = 0;
  33   2      
  34   2          //...
  35   2        }
  36   1      }
  37          
  38          
  39          ///////////////////////////////////////////////////////////////////////////////////////////////////
  40          static RET_CODE Idle_MsgFunc_Key_Power(MsgValue_t MsgValue)
  41          {
  42   1        if(Get_Key_IsRelease(MsgValue))
  43   1        {
  44   2          Set_Key_Processed();
  45   2      
  46   2          Idle_De();
  47   2          Working_Con();
  48   2        }
  49   1        else if(Get_Key_IsPressed(MsgValue, cnKeyPressedT_5s))
  50   1        {
  51   2          Set_Key_Processed();
  52   2      
  53   2          //...
C51 COMPILER V9.59.0.0   IDLE                                                              06/27/2023 19:17:34 PAGE 2   

  54   2        }
  55   1        
  56   1        return cnSuccess;
  57   1      }
  58          
  59          
  60          ///////////////////////////////////////////////////////////////////////////////////////////////////
  61          // cnFuncNumIdle,       // Idle´ý»úÄ£Ê½
  62          RET_CODE StationRun_Idle(uint8_t Msg, MsgValue_t MsgValue)
  63          {
  64   1        RET_CODE retCode = cnFailure;
  65   1      
  66   1        switch(Msg)
  67   1        {
  68   2        case cnMsgKeyPower:
  69   2          retCode = Idle_MsgFunc_Key_Power(MsgValue);
  70   2          break;
  71   2        case cnMsgKeyMenu:
  72   2          retCode = NullRoutine(MsgValue);
  73   2          break;
  74   2          
  75   2        default:
  76   2          retCode = cnNoRespond;
  77   2          break;
  78   2        }
  79   1      
  80   1        return retCode;
  81   1      }
  82          
  83          


MODULE INFORMATION:   STATIC OVERLAYABLE
   CODE SIZE        =    169    ----
   CONSTANT SIZE    =   ----    ----
   XDATA SIZE       =   ----    ----
   PDATA SIZE       =   ----    ----
   DATA SIZE        =      2       5
   IDATA SIZE       =   ----    ----
   BIT SIZE         =   ----    ----
   EDATA SIZE       =   ----    ----
   HDATA SIZE       =   ----    ----
   XDATA CONST SIZE =   ----    ----
   FAR CONST SIZE   =   ----    ----
END OF MODULE INFORMATION.


C51 COMPILATION COMPLETE.  0 WARNING(S),  0 ERROR(S)
