C51 COMPILER V9.59.0.0   INIT                                                              06/27/2023 19:17:34 PAGE 1   


C51 COMPILER V9.59.0.0, COMPILATION OF MODULE INIT
OBJECT MODULE PLACED IN ..\OBJ\init.obj
COMPILER INVOKED BY: D:\Keil_v5\C51\BIN\C51.EXE ..\USER\event\init.c OMF2 OPTIMIZE(8,SPEED) BROWSE INCDIR(..\CORE;..\FWL
                    -ib\inc;..\SYSTEM;..\USER\app;..\TOUCHLib;..\USER\driver;..\USER\event;..\USER\mid) DEBUG PRINT(..\OBJ\init.lst) TABS(2) 
                    -OBJECT(..\OBJ\init.obj)

line level    source

   1          
   2          #define __EXT_INIT_
   3          #include "Globals.h"
   4          
   5          ///////////////////////////////////////////////////////////////////////////////////////////////////
   6          #define  cnInitTaskRunT   cnTBaseT_100ms
   7          static uint8_t RAM_xDATA InitRunTimer = 0;
   8          
   9          static void WDT_Config(void)
  10          {
  11   1        // (1)开启WDT溢出时间
  12   1        WDT_ConfigOverflowTime(WDT_CLK_67108864); // Fsys=24Mhz -> Twdt = 67108864/24 = 2796.2027ms
  13   1        // (2)禁止WDT溢出中断
  14   1        WDT_DisableOverflowInt();
  15   1      
  16   1        WDT_EnableWDTReset();     //使能WDT复位芯片
  17   1      }
  18          
  19          
  20          
  21          /************************************************************
  22           初始化模式构建：
  23          *************************************************************/
  24          void Init_Con(void)
  25          {
  26   1        SYS_DisableSoftwareReset();     //清零使能位
  27   1        
  28   1        SysTime_Config();
  29   1        Debug_Init();
  30   1      
  31   1        Led_Init();
  32   1        Key_Init();
  33   1        NTC_Init();
  34   1        Heater_Init();
  35   1        Buzzer_Init();
  36   1      
  37   1        Common_Init();
  38   1        
  39   1        WDT_Config();
  40   1      
  41   1        SetBuzzerRunTime(cnBzToneKeyPress);
  42   1        InitRunTimer = 0;
  43   1        SetWorkMode(cnFuncNumInit);
  44   1      }
  45          
  46          /************************************************************
  47           初始化模式析构：
  48          *************************************************************/
  49          void Init_De(void)
  50          {
  51   1        //TurnOnHalfAllLed();
  52   1      }
  53          
C51 COMPILER V9.59.0.0   INIT                                                              06/27/2023 19:17:34 PAGE 2   

  54          /************************************************************
  55           初始化模式调度：100ms 调度
  56          *************************************************************/
  57          void Init_Run_Task(void)
  58          {
  59   1        if(IsCurWorkModeInit())
  60   1        {
  61   2          TurnOnAllLed();
  62   2      
  63   2          Heat_Stop();
  64   2      
  65   2          if((++InitRunTimer) >= 5) // (1000UL/cnTBaseT_200ms))
  66   2          {
  67   3            Init_De();
  68   3            Idle_Con();
  69   3          }
  70   2        }
  71   1      }
  72          
  73          
  74          
  75          ///////////////////////////////////////////////////////////////////////////////////////////////////
  76          RET_CODE StationRun_Init(uint8_t Msg, MsgValue_t MsgValue)
  77          {
  78   1        RET_CODE retCode = cnFailure;
  79   1        MsgValue = MsgValue;
  80   1      
  81   1        switch(Msg)
  82   1        {
  83   2        default:
  84   2          retCode = cnSuccess;
  85   2          break;
  86   2        }
  87   1      
  88   1        return retCode;
  89   1      }
  90          
  91          


MODULE INFORMATION:   STATIC OVERLAYABLE
   CODE SIZE        =    117    ----
   CONSTANT SIZE    =   ----    ----
   XDATA SIZE       =      1    ----
   PDATA SIZE       =   ----    ----
   DATA SIZE        =   ----       3
   IDATA SIZE       =   ----    ----
   BIT SIZE         =   ----    ----
   EDATA SIZE       =   ----    ----
   HDATA SIZE       =   ----    ----
   XDATA CONST SIZE =   ----    ----
   FAR CONST SIZE   =   ----    ----
END OF MODULE INFORMATION.


C51 COMPILATION COMPLETE.  0 WARNING(S),  0 ERROR(S)
