C51 COMPILER V9.59.0.0   LED                                                               06/27/2023 19:17:31 PAGE 1   


C51 COMPILER V9.59.0.0, COMPILATION OF MODULE LED
OBJECT MODULE PLACED IN ..\OBJ\led.obj
COMPILER INVOKED BY: D:\Keil_v5\C51\BIN\C51.EXE ..\FWLib\src\led.c OMF2 OPTIMIZE(8,SPEED) BROWSE INCDIR(..\CORE;..\FWLib
                    -\inc;..\SYSTEM;..\USER\app;..\TOUCHLib;..\USER\driver;..\USER\event;..\USER\mid) DEBUG PRINT(..\OBJ\led.lst) TABS(2) OBJ
                    -ECT(..\OBJ\led.obj)

line level    source

   1          /*******************************************************************************
   2          * Copyright (C) 2019 China Micro Semiconductor Limited Company. All Rights Reserved.
   3          *
   4          * This software is owned and published by:
   5          * CMS LLC, No 2609-10, Taurus Plaza, TaoyuanRoad, NanshanDistrict, Shenzhen, China.
   6          *
   7          * BY DOWNLOADING, INSTALLING OR USING THIS SOFTWARE, YOU AGREE TO BE BOUND
   8          * BY ALL THE TERMS AND CONDITIONS OF THIS AGREEMENT.
   9          *
  10          * This software contains source code for use with CMS
  11          * components. This software is licensed by CMS to be adapted only
  12          * for use in systems utilizing CMS components. CMS shall not be
  13          * responsible for misuse or illegal use of this software for devices not
  14          * supported herein. CMS is providing this software "AS IS" and will
  15          * not be responsible for issues arising from incorrect user implementation
  16          * of the software.
  17          *
  18          * This software may be replicated in part or whole for the licensed use,
  19          * with the restriction that this Disclaimer and Copyright notice must be
  20          * included with each copy of this software, whether used in part or whole,
  21          * at all times.
  22          */
  23          
  24          /****************************************************************************/
  25          /** \file led.c
  26          **
  27          **  
  28          **
  29          **  History:
  30          **
  31          *****************************************************************************/
  32          /****************************************************************************/
  33          /*  include files
  34          *****************************************************************************/
  35          #include "led.h"
  36          
  37          /****************************************************************************/
  38          /*  Local pre-processor symbols/macros('#define')
  39          ****************************************************************************/
  40          
  41          /****************************************************************************/
  42          /*  Global variable definitions(declared in header file with 'extern')
  43          ****************************************************************************/
  44          
  45          /****************************************************************************/
  46          /*  Local type definitions('typedef')
  47          ****************************************************************************/
  48          
  49          /****************************************************************************/
  50          /*  Local variable  definitions('static')
  51          ****************************************************************************/
  52          
  53          /****************************************************************************/
C51 COMPILER V9.59.0.0   LED                                                               06/27/2023 19:17:31 PAGE 2   

  54          /*  Local function prototypes('static')
  55          ****************************************************************************/
  56          
  57          /****************************************************************************/
  58          /*  Function implementation - global ('extern') and local('static')
  59          ****************************************************************************/
  60          /*****************************************************************************
  61           ** \brief   LED_EnableMatrixMode
  62           **      使能LED矩阵驱动模式
  63           ** \param [in] none    
  64           ** \return  none
  65           ** \note   
  66          ******************************************************************************/
  67          void LED_EnableMatrixMode(void)
  68          {
  69   1        LEDMODE = 0x55;
  70   1      }
  71          /*****************************************************************************
  72           ** \brief   LED_ConfigMatrixMode
  73           **      配置LED矩阵驱动模式
  74           ** \param [in] ClkSel: (1) LED_CLK_LSI
  75           **           (2) LED_CLK_LSE
  76           **           (3) LED_CLK_FSYS
  77           **       Duty: (1) LED_DUTY_4
  78           **           (2) LED_DUTY_5
  79           **           (3) LED_DUTY_6
  80           **           (4) LED_DUTY_8    
  81           **       Common: (1) LED_COM_CATHODE     共阴驱动模式
  82           **           (2) LED_COM_ANODE       共阳驱动模式      
  83           ** \return  none
  84           ** \note   
  85          ******************************************************************************/
  86          void LED_ConfigMatrixMode(uint8_t ClkSel, uint8_t Duty, uint8_t Common)
  87          {
  88   1        LEDCON &= 0x80;
  89   1        LEDCON |=  ClkSel | (Duty<<LED_LEDCON_DUTY_Pos) | (Common<<LED_LEDCON_CCCA_Pos);  
  90   1      }
  91          /*****************************************************************************
  92           ** \brief   LED_ConfigMatrixClkDiv
  93           **      配置LED矩阵驱动模式时钟分频
  94           ** \param [in] ClkDiv: 0x00~0xffff
  95           ** \return  none
  96           ** \note   
  97          ******************************************************************************/
  98          void LED_ConfigMatrixClkDiv(uint16_t ClkDiv)
  99          {
 100   1        LEDCLKL =  (uint8_t)ClkDiv;
 101   1        LEDCLKH = (uint8_t)(ClkDiv>>8);
 102   1      }
 103          /*****************************************************************************
 104           ** \brief   LED_ConfigMatrixComTime
 105           **      配置矩阵驱动模式COM口有效时间
 106           ** \param [in] Time ： 0x01~0xff
 107           ** \return  none
 108           ** \note   禁止设置成0x00
 109          ******************************************************************************/
 110          void LED_ConfigMatrixComTime(uint8_t Time)
 111          {
 112   1        LEDCOMTIME = Time;
 113   1      }
 114          /*****************************************************************************
 115           ** \brief   LED_StartMatrix
C51 COMPILER V9.59.0.0   LED                                                               06/27/2023 19:17:31 PAGE 3   

 116           **      开启LED矩阵驱动
 117           ** \param [in] none
 118           ** \return  none
 119           ** \note   
 120          ******************************************************************************/
 121          void LED_StartMatrix(void)
 122          {
 123   1        LEDCON |= LED_LEDCON_EN_Msk;
 124   1      }
 125          /*****************************************************************************
 126           ** \brief   LED_StopMatrix
 127           **      停止LED矩阵驱动
 128           ** \param [in] none
 129           ** \return  none
 130           ** \note   
 131          ******************************************************************************/
 132          void LED_StopMatrix(void)
 133          {
 134   1        LEDCON &= ~(LED_LEDCON_EN_Msk);
 135   1      }
 136            
 137          /*****************************************************************************
 138           ** \brief   LED_EnableLatticeMode
 139           **      使能LED点阵驱动模式
 140           ** \param [in] none    
 141           ** \return  none
 142           ** \note   
 143          ******************************************************************************/
 144          void LED_EnableLatticeMode(void)
 145          {
 146   1        LEDMODE = 0xAA;
 147   1      }
 148          /*****************************************************************************
 149           ** \brief   LED_ConfigLatticeMode
 150           **      配置LED点阵驱动模式
 151           ** \param [in] ClkSel: (1) LED_CLK_LSI
 152           **           (2) LED_CLK_LSE
 153           **           (3) LED_CLK_FSYS
 154           **       Mode: (1) LED_LATTICE_4X4     4*4点阵
 155           **           (2) LED_LATTICE_5X5     5*5点阵
 156           **           (3) LED_LATTICE_6X6     6*6点阵
 157           **           (4) LED_LATTICE_6X7     6*7点阵
 158           **           (5) LED_LATTICE_7X7     7*7点阵
 159           **           (6) LED_LATTICE_7X8     7*8点阵
 160           **           (7) LED_LATTICE_8X8     8*8点阵
 161           **       Scan: (1) LED_SCAN_INTERRUPT    中断扫描模式
 162           **           (2) LED_SCAN_LOOP       循环扫描模式      
 163           ** \return  none
 164           ** \note   
 165          ******************************************************************************/
 166          void LED_ConfigLatticeMode(uint8_t ClkSel, uint8_t Mode, uint8_t Scan)
 167          {
 168   1        LEDCON1 &=0x80;
 169   1        LEDCON1 |= ClkSel | (Mode<<LED_LEDCON1_DUTY_Pos)|(Scan<<LED_LEDCON1_MODE_Pos);
 170   1      }
 171          /*****************************************************************************
 172           ** \brief   LED_ConfigLatticeClkDiv
 173           **      配置LED点阵驱动模式时钟分频
 174           ** \param [in] ClkDiv: 0x00~0xffff
 175           ** \return  none
 176           ** \note   
 177          ******************************************************************************/
C51 COMPILER V9.59.0.0   LED                                                               06/27/2023 19:17:31 PAGE 4   

 178          void LED_ConfigLatticeClkDiv(uint16_t ClkDiv)
 179          {
 180   1        LEDCLKL1 =  (uint8_t)ClkDiv;
 181   1        LEDCLKH1 = (uint8_t)(ClkDiv>>8);  
 182   1      }
 183          /*****************************************************************************
 184           ** \brief   LED_ConfigLatticePeriod1
 185           **      配置LED点阵驱动模式的周期1
 186           ** \param [in] Period: 0x00~0xffff
 187           ** \return  none
 188           ** \note   
 189          ******************************************************************************/
 190          void LED_ConfigLatticePeriod1(uint16_t Period)
 191          {
 192   1        SCAN1WL =  (uint8_t)Period;
 193   1        SCAN1WH = (uint8_t)(Period>>8); 
 194   1      }
 195          /*****************************************************************************
 196           ** \brief   LED_ConfigLatticePeriod2
 197           **      配置LED点阵驱动模式的周期2
 198           ** \param [in] Period: 0x00~0xffff
 199           ** \return  none
 200           ** \note   
 201          ******************************************************************************/
 202          void LED_ConfigLatticePeriod2(uint16_t Period)
 203          {
 204   1        SCAN2WL =  (uint8_t)Period;
 205   1        SCAN2WH = (uint8_t)(Period>>8);     
 206   1      }
 207          
 208          /*****************************************************************************
 209           ** \brief   LED_StartLattice
 210           **      开启LED点阵驱动
 211           ** \param [in] none
 212           ** \return  none
 213           ** \note   
 214          ******************************************************************************/
 215          void LED_StartLattice(void)
 216          {
 217   1        LEDCON1 |= LED_LEDCON1_START_Msk;
 218   1      }
 219          /*****************************************************************************
 220           ** \brief   LED_StopLattice
 221           **      停止LED点阵驱动
 222           ** \param [in] none
 223           ** \return  none
 224           ** \note   
 225          ******************************************************************************/
 226          void LED_StopLattice(void)
 227          {
 228   1        LEDCON1 &= ~(LED_LEDCON1_START_Msk);
 229   1      }
 230          
 231          /*****************************************************************************
 232           ** \brief   LED_RestartLattice
 233           **      重启LED点阵驱动
 234           ** \param [in] none
 235           ** \return  none
 236           ** \note   
 237          ******************************************************************************/
 238          void LED_RestartLattice(void)
 239          {
C51 COMPILER V9.59.0.0   LED                                                               06/27/2023 19:17:31 PAGE 5   

 240   1        LEDCON1 &= ~(LED_LEDCON1_START_Msk);
 241   1        LEDCON1 |= LED_LEDCON1_START_Msk; 
 242   1      }
 243          
 244          /*****************************************************************************
 245           ** \brief   LED_EnableInt
 246           **      使能LED点阵驱动模式中断
 247           ** \param [in] none
 248           ** \return  none
 249           ** \note   
 250          ******************************************************************************/
 251          void LED_EnableInt(void)
 252          {
 253   1        LEDSTATUS |= LED_LEDSTATUS_LEDIE_Msk;
 254   1      }
 255          /*****************************************************************************
 256           ** \brief   LED_DisableInt
 257           **      关闭LED点阵驱动模式中断
 258           ** \param [in] none
 259           ** \return  none
 260           ** \note   
 261          ******************************************************************************/
 262          void LED_DisableInt(void)
 263          {
 264   1        LEDSTATUS &= ~(LED_LEDSTATUS_LEDIE_Msk);
 265   1      }
 266          /*****************************************************************************
 267           ** \brief   LED_GetIntFlag
 268           **      获取LED点阵驱动模式中断标志
 269           ** \param [in] none
 270           ** \return  0:无中断  1:产生中断
 271           ** \note   
 272          ******************************************************************************/
 273          uint8_t LED_GetIntFlag(void)
 274          {
 275   1        return((LEDSTATUS & LED_LEDSTATUS_LEDIF_Msk) ? 1:0);
 276   1      }
 277          /*****************************************************************************
 278           ** \brief   LED_ClearIntFlag
 279           **      清除LED点阵驱动模式中断标志
 280           ** \param [in] none
 281           ** \return  none
 282           ** \note   
 283          ******************************************************************************/
 284          void LED_ClearIntFlag(void)
 285          {
 286   1        LEDSTATUS &= ~(LED_LEDSTATUS_LEDIF_Msk);
 287   1      }
 288          
 289          
 290          


MODULE INFORMATION:   STATIC OVERLAYABLE
   CODE SIZE        =    193    ----
   CONSTANT SIZE    =   ----    ----
   XDATA SIZE       =   ----    ----
   PDATA SIZE       =   ----    ----
   DATA SIZE        =   ----    ----
   IDATA SIZE       =   ----    ----
   BIT SIZE         =   ----    ----
   EDATA SIZE       =   ----    ----
C51 COMPILER V9.59.0.0   LED                                                               06/27/2023 19:17:31 PAGE 6   

   HDATA SIZE       =   ----    ----
   XDATA CONST SIZE =   ----    ----
   FAR CONST SIZE   =   ----    ----
END OF MODULE INFORMATION.


C51 COMPILATION COMPLETE.  0 WARNING(S),  0 ERROR(S)
