C51 COMPILER V9.59.0.0   MAIN                                                              06/27/2023 19:17:33 PAGE 1   


C51 COMPILER V9.59.0.0, COMPILATION OF MODULE MAIN
OBJECT MODULE PLACED IN ..\OBJ\main.obj
COMPILER INVOKED BY: D:\Keil_v5\C51\BIN\C51.EXE ..\USER\app\main.c OMF2 OPTIMIZE(8,SPEED) BROWSE INCDIR(..\CORE;..\FWLib
                    -\inc;..\SYSTEM;..\USER\app;..\TOUCHLib;..\USER\driver;..\USER\event;..\USER\mid) DEBUG PRINT(..\OBJ\main.lst) TABS(2) OB
                    -JECT(..\OBJ\main.obj)

line level    source

   1          
   2          #include "Globals.h"
   3          
   4          ///////////////////////////////////////////////////////////////////////////////////////////////////
   5          int main(void)
   6          {
   7   1        Init_Con();
   8   1      
   9   1        InitEnd();
  10   1        
  11   1        while(1)
  12   1        {
  13   2          // real time task
  14   2          
  15   2          // 1ms task
  16   2          if(IsTask1ms())
  17   2          {
  18   3            ClearTaskFlag1ms();
  19   3      
  20   3            ScanKey_Run_Task();
  21   3            Buzzer_Run_Task();
  22   3          }
  23   2      
  24   2          // 5ms task
  25   2          if(IsTask5ms())
  26   2          {
  27   3            ClearTaskFlag5ms();
  28   3      
  29   3            Working_PumpHeat_Run_Task();
  30   3          }
  31   2      
  32   2          // 10ms task
  33   2          if(IsTask10ms())
  34   2          {
  35   3            ClearTaskFlag10ms();
  36   3            
  37   3            NTC_Run_Task();
  38   3            LedShow_Run_Task();
  39   3          }
  40   2      
  41   2          // 100ms task
  42   2          if(IsTask100ms())
  43   2          {
  44   3            ClearTaskFlag100ms();
  45   3            
  46   3            Heater_Run_Task();
  47   3      
  48   3            Working_Run_Task();
  49   3            Debug_Run_Task();
  50   3          }
  51   2      
  52   2          if(IsTask200ms())
  53   2          {
C51 COMPILER V9.59.0.0   MAIN                                                              06/27/2023 19:17:33 PAGE 2   

  54   3            ClearTaskFlag200ms();
  55   3            
  56   3            ClearWDT();
  57   3            Init_Run_Task();
  58   3            Idle_Run_Task();
  59   3            Emergency_Run_Task();
  60   3      
  61   3            //ICT_Run_Task();
  62   3          }
  63   2          
  64   2          // 500ms task
  65   2          if(IsTask500ms())
  66   2          {
  67   3            ClearTaskFlag500ms();
  68   3            
  69   3          }
  70   2      
  71   2          // 1s task
  72   2          if(IsTask1s())
  73   2          {
  74   3            ClearTaskFlag1s();
  75   3      
  76   3          }
  77   2          
  78   2        }
  79   1      }
  80          


MODULE INFORMATION:   STATIC OVERLAYABLE
   CODE SIZE        =     81    ----
   CONSTANT SIZE    =   ----    ----
   XDATA SIZE       =   ----    ----
   PDATA SIZE       =   ----    ----
   DATA SIZE        =   ----    ----
   IDATA SIZE       =   ----    ----
   BIT SIZE         =   ----    ----
   EDATA SIZE       =   ----    ----
   HDATA SIZE       =   ----    ----
   XDATA CONST SIZE =   ----    ----
   FAR CONST SIZE   =   ----    ----
END OF MODULE INFORMATION.


C51 COMPILATION COMPLETE.  0 WARNING(S),  0 ERROR(S)
