C51 COMPILER V9.59.0.0   STATION                                                           06/27/2023 19:17:34 PAGE 1   


C51 COMPILER V9.59.0.0, COMPILATION OF MODULE STATION
OBJECT MODULE PLACED IN ..\OBJ\station.obj
COMPILER INVOKED BY: D:\Keil_v5\C51\BIN\C51.EXE ..\USER\mid\station.c OMF2 OPTIMIZE(8,SPEED) BROWSE INCDIR(..\CORE;..\FW
                    -Lib\inc;..\SYSTEM;..\USER\app;..\TOUCHLib;..\USER\driver;..\USER\event;..\USER\mid) DEBUG PRINT(..\OBJ\station.lst) TABS
                    -(2) OBJECT(..\OBJ\station.obj)

line level    source

   1          
   2          #define __EXT_STATION_
   3          #include  "Globals.h"
   4          
   5          ///////////////////////////////////////////////////////////////////////////////////////////////////
   6          volatile uint8_t RAM_DATA FuncNum1st = cnFuncNumInit;
   7          volatile uint8_t RAM_DATA FuncNum2nd = cnFuncNumInit;
   8          volatile uint8_t RAM_DATA FuncNum3rd = cnFuncNumInit;
   9          
  10          /************************************************************
  11          公共函数：设置工作模式
  12          *************************************************************/
  13          void SetWorkMode(uint8_t mode)
  14          {
  15   1        FuncNum3rd = FuncNum2nd;
  16   1        FuncNum2nd = FuncNum1st;
  17   1        FuncNum1st = mode;
  18   1      }
  19          
  20          /************************************************************
  21          公共函数：恢复原工作模式
  22          *************************************************************/
  23          void ResumeWorkMode(void)
  24          {
  25   1        FuncNum1st = FuncNum2nd;
  26   1        FuncNum2nd = FuncNum3rd;
  27   1      }
  28          
  29          
  30          /************************************************************
  31          公共函数：空函数
  32          *************************************************************/
  33          RET_CODE NullRoutine(MsgValue_t value)  
  34          {
  35   1        value = value;
  36   1        return cnFailure;
  37   1      }
  38          
  39          
  40          //////////////////////////////////////////////////////////////////
  41          RET_CODE StationRun(uint8_t Msg, MsgValue_t MsgValue)
  42          {
  43   1        RET_CODE retCode = cnFailure;
  44   1      
  45   1        switch(FuncNum1st)
  46   1        {
  47   2        case cnFuncNumInit:     // 上电初始化
  48   2          retCode = StationRun_Init(Msg, MsgValue);
  49   2          break;
  50   2        case cnFuncNumIdle:     // Idle待机模式
  51   2          retCode = StationRun_Idle(Msg, MsgValue);
  52   2          break;
  53   2        case cnFuncNumWorking:    // Working工作模式
C51 COMPILER V9.59.0.0   STATION                                                           06/27/2023 19:17:34 PAGE 2   

  54   2          retCode = StationRun_Working(Msg, MsgValue);
  55   2          break;
  56   2        case cnFuncNumEmergency:  // Emergency紧急事件
  57   2          retCode = StationRun_Emergency(Msg, MsgValue);
  58   2          break;
  59   2          
  60   2        default:
  61   2          return cnFailure;
  62   2        }
  63   1      
  64   1        //cnFuncNumCommon,      // 非模式功能号，只为处理公共消息
  65   1        if(retCode == cnNoRespond)
  66   1        {
  67   2          retCode = StationRun_Common(Msg, MsgValue);
  68   2        }
  69   1      
  70   1        return retCode;
  71   1      }
  72          
  73          
  74          


MODULE INFORMATION:   STATIC OVERLAYABLE
   CODE SIZE        =    106    ----
   CONSTANT SIZE    =   ----    ----
   XDATA SIZE       =   ----    ----
   PDATA SIZE       =   ----    ----
   DATA SIZE        =      3       5
   IDATA SIZE       =   ----    ----
   BIT SIZE         =   ----    ----
   EDATA SIZE       =   ----    ----
   HDATA SIZE       =   ----    ----
   XDATA CONST SIZE =   ----    ----
   FAR CONST SIZE   =   ----    ----
END OF MODULE INFORMATION.


C51 COMPILATION COMPLETE.  0 WARNING(S),  0 ERROR(S)
